<?xml version="1.0" encoding="UTF-8"?>
<!-- Generated by org.testng.reporters.JUnitXMLReporter -->
<testsuite hostname="LAPTOP-PPRL0JMD" name="Test" tests="1" failures="1" timestamp="12 Apr 2019 05:03:32 GMT" time="11.387" errors="0">
  <testcase name="testEasy" time="3.083" classname="eample.NewTest">
    <failure type="java.lang.AssertionError" message="expected [true] but found [false]">
      <![CDATA[java.lang.AssertionError: expected [true] but found [false]
	at eample.NewTest.testEasy(NewTest.java:25)
... Removed 28 stack frames]]>
    </failure>
  </testcase> <!-- testEasy -->
</testsuite> <!-- Test -->
