<?xml version="1.0" encoding="UTF-8"?>
<testng-results skipped="0" failed="0" total="1" passed="1">
  <reporter-output>
  </reporter-output>
  <suite name="Suite" duration-ms="16752" started-at="2019-04-16T17:37:17Z" finished-at="2019-04-16T17:37:34Z">
    <groups>
    </groups>
    <test name="Test" duration-ms="16752" started-at="2019-04-16T17:37:17Z" finished-at="2019-04-16T17:37:34Z">
      <class name="eample.NewTest">
        <test-method status="PASS" signature="beforeTest(java.lang.String)[pri:0, instance:eample.NewTest@3cda1055]" name="beforeTest" is-config="true" duration-ms="10781" started-at="2019-04-16T23:07:17Z" finished-at="2019-04-16T23:07:28Z">
          <params>
            <param index="0">
              <value>
                <![CDATA[Guru99]]>
              </value>
            </param>
          </params>
          <reporter-output>
          </reporter-output>
        </test-method> <!-- beforeTest -->
        <test-method status="PASS" signature="testEasy()[pri:0, instance:eample.NewTest@3cda1055]" name="testEasy" duration-ms="4403" started-at="2019-04-16T23:07:28Z" finished-at="2019-04-16T23:07:32Z">
          <reporter-output>
          </reporter-output>
        </test-method> <!-- testEasy -->
        <test-method status="PASS" signature="afterTest()[pri:0, instance:eample.NewTest@3cda1055]" name="afterTest" is-config="true" duration-ms="1555" started-at="2019-04-16T23:07:32Z" finished-at="2019-04-16T23:07:34Z">
          <reporter-output>
          </reporter-output>
        </test-method> <!-- afterTest -->
      </class> <!-- eample.NewTest -->
    </test> <!-- Test -->
  </suite> <!-- Suite -->
</testng-results>
