<?xml version="1.0" encoding="UTF-8"?>
<testng-results skipped="0" failed="0" total="1" passed="1">
  <reporter-output>
  </reporter-output>
  <suite name="Failed suite [Suite]" duration-ms="11362" started-at="2019-04-12T05:04:44Z" finished-at="2019-04-12T05:04:56Z">
    <groups>
    </groups>
    <test name="Test(failed)" duration-ms="11362" started-at="2019-04-12T05:04:44Z" finished-at="2019-04-12T05:04:56Z">
      <class name="eample.NewTest">
        <test-method status="PASS" signature="beforeTest(java.lang.String)[pri:0, instance:eample.NewTest@46d56d67]" name="beforeTest" is-config="true" duration-ms="7089" started-at="2019-04-12T10:34:44Z" finished-at="2019-04-12T10:34:51Z">
          <params>
            <param index="0">
              <value>
                <![CDATA[Guru99]]>
              </value>
            </param>
          </params>
          <reporter-output>
          </reporter-output>
        </test-method> <!-- beforeTest -->
        <test-method status="PASS" signature="testEasy()[pri:0, instance:eample.NewTest@46d56d67]" name="testEasy" duration-ms="3250" started-at="2019-04-12T10:34:51Z" finished-at="2019-04-12T10:34:55Z">
          <reporter-output>
          </reporter-output>
        </test-method> <!-- testEasy -->
        <test-method status="PASS" signature="afterTest()[pri:0, instance:eample.NewTest@46d56d67]" name="afterTest" is-config="true" duration-ms="1009" started-at="2019-04-12T10:34:55Z" finished-at="2019-04-12T10:34:56Z">
          <reporter-output>
          </reporter-output>
        </test-method> <!-- afterTest -->
      </class> <!-- eample.NewTest -->
    </test> <!-- Test(failed) -->
  </suite> <!-- Failed suite [Suite] -->
</testng-results>
